app/build/intermediates/manifest_merge_blame_file/debug/manifest-merger-blame-debug-report.txt
1<?xml version="1.0" encoding="utf-8"?>
2<manifest xmlns:android="http://schemas.android.com/apk/res/android"
3    package="com.example.littlelemon"
4    android:versionCode="1"
5    android:versionName="1.0" >
6
7    <uses-sdk
8        android:minSdkVersion="21"
8-->src\main\AndroidManifest.xml
9        android:targetSdkVersion="33" />
9-->src\main\AndroidManifest.xml
10
11    <uses-permission android:name="android.permission.INTERNET" />
11-->src\main\AndroidManifest.xml:26:5-67
11-->src\main\AndroidManifest.xml:26:22-64
12
13    <permission
13-->[androidx.core:core:1.9.0] AndroidManifest.xml:22:5-24:47
14        android:name="com.example.littlelemon.DYNAMIC_RECEIVER_NOT_EXPORTED_PERMISSION"
14-->[androidx.core:core:1.9.0] AndroidManifest.xml:23:9-81
15        android:protectionLevel="signature" />
15-->[androidx.core:core:1.9.0] AndroidManifest.xml:24:9-44
16
17    <uses-permission android:name="com.example.littlelemon.DYNAMIC_RECEIVER_NOT_EXPORTED_PERMISSION" />
17-->[androidx.core:core:1.9.0] AndroidManifest.xml:26:5-97
17-->[androidx.core:core:1.9.0] AndroidManifest.xml:26:22-94
18    <uses-permission android:name="android.permission.REORDER_TASKS" />
18-->[androidx.test:core:1.4.0] AndroidManifest.xml:24:5-72
18-->[androidx.test:core:1.4.0] AndroidManifest.xml:24:22-69
19
20    <application
20-->src\main\AndroidManifest.xml:5:5-25:19
21        android:allowBackup="true"
21-->src\main\AndroidManifest.xml:6:9-35
22        android:appComponentFactory="androidx.core.app.CoreComponentFactory"
22-->[androidx.core:core:1.9.0] AndroidManifest.xml:28:18-86
23        android:dataExtractionRules="@xml/data_extraction_rules"
23-->src\main\AndroidManifest.xml:7:9-65
24        android:debuggable="true"
25        android:fullBackupContent="@xml/backup_rules"
25-->src\main\AndroidManifest.xml:8:9-54
26        android:icon="@mipmap/ic_launcher"
26-->src\main\AndroidManifest.xml:9:9-43
27        android:label="@string/app_name"
27-->src\main\AndroidManifest.xml:10:9-41
28        android:supportsRtl="true"
28-->src\main\AndroidManifest.xml:11:9-35
29        android:testOnly="true"
30        android:theme="@style/Theme.LittleLemon" >
30-->src\main\AndroidManifest.xml:12:9-49
31        <activity
31-->src\main\AndroidManifest.xml:14:9-24:20
32            android:name="com.example.littlelemon.MainActivity"
32-->src\main\AndroidManifest.xml:15:13-41
33            android:exported="true"
33-->src\main\AndroidManifest.xml:16:13-36
34            android:label="@string/app_name"
34-->src\main\AndroidManifest.xml:17:13-45
35            android:theme="@style/Theme.LittleLemon" >
35-->src\main\AndroidManifest.xml:18:13-53
36            <intent-filter>
36-->src\main\AndroidManifest.xml:19:13-23:29
37                <action android:name="android.intent.action.MAIN" />
37-->src\main\AndroidManifest.xml:20:17-69
37-->src\main\AndroidManifest.xml:20:25-66
38
39                <category android:name="android.intent.category.LAUNCHER" />
39-->src\main\AndroidManifest.xml:22:17-77
39-->src\main\AndroidManifest.xml:22:27-74
40            </intent-filter>
41        </activity>
42        <activity
42-->[androidx.compose.ui:ui-tooling:1.3.3] AndroidManifest.xml:23:9-25:39
43            android:name="androidx.compose.ui.tooling.PreviewActivity"
43-->[androidx.compose.ui:ui-tooling:1.3.3] AndroidManifest.xml:24:13-71
44            android:exported="true" />
44-->[androidx.compose.ui:ui-tooling:1.3.3] AndroidManifest.xml:25:13-36
45        <activity
45-->[androidx.compose.ui:ui-test-manifest:1.3.3] AndroidManifest.xml:23:9-25:39
46            android:name="androidx.activity.ComponentActivity"
46-->[androidx.compose.ui:ui-test-manifest:1.3.3] AndroidManifest.xml:24:13-63
47            android:exported="true" />
47-->[androidx.compose.ui:ui-test-manifest:1.3.3] AndroidManifest.xml:25:13-36
48
49        <service
49-->[androidx.room:room-runtime:2.5.0] AndroidManifest.xml:24:9-28:63
50            android:name="androidx.room.MultiInstanceInvalidationService"
50-->[androidx.room:room-runtime:2.5.0] AndroidManifest.xml:25:13-74
51            android:directBootAware="true"
51-->[androidx.room:room-runtime:2.5.0] AndroidManifest.xml:26:13-43
52            android:exported="false" />
52-->[androidx.room:room-runtime:2.5.0] AndroidManifest.xml:27:13-37
53
54        <activity
54-->[androidx.test:core:1.4.0] AndroidManifest.xml:27:9-34:20
55            android:name="androidx.test.core.app.InstrumentationActivityInvoker$BootstrapActivity"
55-->[androidx.test:core:1.4.0] AndroidManifest.xml:28:13-99
56            android:exported="true"
56-->[androidx.test:core:1.4.0] AndroidManifest.xml:29:13-36
57            android:theme="@android:style/Theme" >
57-->[androidx.test:core:1.4.0] AndroidManifest.xml:30:13-49
58            <intent-filter>
58-->[androidx.test:core:1.4.0] AndroidManifest.xml:31:13-33:29
59                <action android:name="android.intent.action.MAIN" />
59-->src\main\AndroidManifest.xml:20:17-69
59-->src\main\AndroidManifest.xml:20:25-66
60            </intent-filter>
61        </activity>
62        <activity
62-->[androidx.test:core:1.4.0] AndroidManifest.xml:35:9-42:20
63            android:name="androidx.test.core.app.InstrumentationActivityInvoker$EmptyActivity"
63-->[androidx.test:core:1.4.0] AndroidManifest.xml:36:13-95
64            android:exported="true"
64-->[androidx.test:core:1.4.0] AndroidManifest.xml:37:13-36
65            android:theme="@android:style/Theme" >
65-->[androidx.test:core:1.4.0] AndroidManifest.xml:38:13-49
66            <intent-filter>
66-->[androidx.test:core:1.4.0] AndroidManifest.xml:31:13-33:29
67                <action android:name="android.intent.action.MAIN" />
67-->src\main\AndroidManifest.xml:20:17-69
67-->src\main\AndroidManifest.xml:20:25-66
68            </intent-filter>
69        </activity>
70        <activity
70-->[androidx.test:core:1.4.0] AndroidManifest.xml:43:9-50:20
71            android:name="androidx.test.core.app.InstrumentationActivityInvoker$EmptyFloatingActivity"
71-->[androidx.test:core:1.4.0] AndroidManifest.xml:44:13-103
72            android:exported="true"
72-->[androidx.test:core:1.4.0] AndroidManifest.xml:45:13-36
73            android:theme="@android:style/Theme.Dialog" >
73-->[androidx.test:core:1.4.0] AndroidManifest.xml:46:13-56
74            <intent-filter>
74-->[androidx.test:core:1.4.0] AndroidManifest.xml:31:13-33:29
75                <action android:name="android.intent.action.MAIN" />
75-->src\main\AndroidManifest.xml:20:17-69
75-->src\main\AndroidManifest.xml:20:25-66
76            </intent-filter>
77        </activity>
78
79        <provider
79-->[androidx.profileinstaller:profileinstaller:1.2.0] AndroidManifest.xml:25:9-33:20
80            android:name="androidx.startup.InitializationProvider"
80-->[androidx.profileinstaller:profileinstaller:1.2.0] AndroidManifest.xml:26:13-67
81            android:authorities="com.example.littlelemon.androidx-startup"
81-->[androidx.profileinstaller:profileinstaller:1.2.0] AndroidManifest.xml:27:13-68
82            android:exported="false" >
82-->[androidx.profileinstaller:profileinstaller:1.2.0] AndroidManifest.xml:28:13-37
83            <meta-data
83-->[androidx.profileinstaller:profileinstaller:1.2.0] AndroidManifest.xml:30:13-32:52
84                android:name="androidx.profileinstaller.ProfileInstallerInitializer"
84-->[androidx.profileinstaller:profileinstaller:1.2.0] AndroidManifest.xml:31:17-85
85                android:value="androidx.startup" />
85-->[androidx.profileinstaller:profileinstaller:1.2.0] AndroidManifest.xml:32:17-49
86        </provider>
87
88        <receiver
88-->[androidx.profileinstaller:profileinstaller:1.2.0] AndroidManifest.xml:35:9-47:20
89            android:name="androidx.profileinstaller.ProfileInstallReceiver"
89-->[androidx.profileinstaller:profileinstaller:1.2.0] AndroidManifest.xml:36:13-76
90            android:directBootAware="false"
90-->[androidx.profileinstaller:profileinstaller:1.2.0] AndroidManifest.xml:37:13-44
91            android:enabled="true"
91-->[androidx.profileinstaller:profileinstaller:1.2.0] AndroidManifest.xml:38:13-35
92            android:exported="true"
92-->[androidx.profileinstaller:profileinstaller:1.2.0] AndroidManifest.xml:39:13-36
93            android:permission="android.permission.DUMP" >
93-->[androidx.profileinstaller:profileinstaller:1.2.0] AndroidManifest.xml:40:13-57
94            <intent-filter>
94-->[androidx.profileinstaller:profileinstaller:1.2.0] AndroidManifest.xml:41:13-43:29
95                <action android:name="androidx.profileinstaller.action.INSTALL_PROFILE" />
95-->[androidx.profileinstaller:profileinstaller:1.2.0] AndroidManifest.xml:42:17-91
95-->[androidx.profileinstaller:profileinstaller:1.2.0] AndroidManifest.xml:42:25-88
96            </intent-filter>
97            <intent-filter>
97-->[androidx.profileinstaller:profileinstaller:1.2.0] AndroidManifest.xml:44:13-46:29
98                <action android:name="androidx.profileinstaller.action.SKIP_FILE" />
98-->[androidx.profileinstaller:profileinstaller:1.2.0] AndroidManifest.xml:45:17-85
98-->[androidx.profileinstaller:profileinstaller:1.2.0] AndroidManifest.xml:45:25-82
99            </intent-filter>
100        </receiver>
101    </application>
102
103</manifest>